2022/04/04 07:00:07 [error] 7#7: *1 "/etc/nginx/html/index.html" is not found (2: No such file or directory), client: 172.31.0.1, server: localhost, request: "GET / HTTP/1.1", host: "localhost:81"
2022/04/04 09:32:17 [notice] 9#9: signal process started
2022/04/04 09:37:22 [notice] 45#45: signal process started
2022/04/04 09:40:07 [notice] 68#68: signal process started
2022/04/04 09:42:12 [emerg] 1#1: open() "/etc/nginx/logs/host.access.log" failed (2: No such file or directory)
2022/04/04 09:42:12 [emerg] 1#1: open() "/etc/nginx/logs/host.access.log" failed (2: No such file or directory)
2022/04/04 09:42:13 [emerg] 1#1: open() "/etc/nginx/logs/host.access.log" failed (2: No such file or directory)
2022/04/04 09:42:14 [emerg] 1#1: open() "/etc/nginx/logs/host.access.log" failed (2: No such file or directory)
2022/04/04 09:42:15 [emerg] 1#1: open() "/etc/nginx/logs/host.access.log" failed (2: No such file or directory)
2022/04/04 09:42:17 [emerg] 1#1: open() "/etc/nginx/logs/host.access.log" failed (2: No such file or directory)
2022/04/04 09:42:21 [emerg] 1#1: open() "/etc/nginx/logs/host.access.log" failed (2: No such file or directory)
2022/04/04 09:42:28 [emerg] 1#1: open() "/etc/nginx/logs/host.access.log" failed (2: No such file or directory)
2022/04/04 09:42:41 [emerg] 1#1: open() "/etc/nginx/logs/host.access.log" failed (2: No such file or directory)
2022/04/04 09:43:07 [emerg] 1#1: open() "/etc/nginx/logs/host.access.log" failed (2: No such file or directory)
2022/04/04 09:43:58 [emerg] 1#1: open() "/etc/nginx/logs/host.access.log" failed (2: No such file or directory)
2022/04/04 09:44:59 [emerg] 1#1: open() "/etc/nginx/logs/host.access.log" failed (2: No such file or directory)
2022/04/04 09:45:52 [emerg] 1#1: open() "/etc/nginx/logs/host.access.log" failed (2: No such file or directory)
2022/04/04 09:45:52 [emerg] 1#1: open() "/etc/nginx/logs/host.access.log" failed (2: No such file or directory)
2022/04/04 09:45:53 [emerg] 1#1: open() "/etc/nginx/logs/host.access.log" failed (2: No such file or directory)
2022/04/04 09:45:54 [emerg] 1#1: open() "/etc/nginx/logs/host.access.log" failed (2: No such file or directory)
2022/04/04 09:45:55 [emerg] 1#1: open() "/etc/nginx/logs/host.access.log" failed (2: No such file or directory)
2022/04/04 09:45:57 [emerg] 1#1: open() "/etc/nginx/logs/host.access.log" failed (2: No such file or directory)
2022/04/04 09:46:01 [emerg] 1#1: open() "/etc/nginx/logs/host.access.log" failed (2: No such file or directory)
2022/04/04 09:46:08 [emerg] 1#1: open() "/etc/nginx/logs/host.access.log" failed (2: No such file or directory)
2022/04/04 09:46:21 [emerg] 1#1: open() "/etc/nginx/logs/host.access.log" failed (2: No such file or directory)
2022/04/04 09:46:47 [emerg] 1#1: open() "/etc/nginx/logs/host.access.log" failed (2: No such file or directory)
2022/04/04 09:46:48 [emerg] 1#1: open() "/etc/nginx/logs/host.access.log" failed (2: No such file or directory)
2022/04/04 09:46:49 [emerg] 1#1: open() "/etc/nginx/logs/host.access.log" failed (2: No such file or directory)
2022/04/04 09:46:49 [emerg] 1#1: open() "/etc/nginx/logs/host.access.log" failed (2: No such file or directory)
2022/04/04 09:46:50 [emerg] 1#1: open() "/etc/nginx/logs/host.access.log" failed (2: No such file or directory)
2022/04/04 09:46:51 [emerg] 1#1: open() "/etc/nginx/logs/host.access.log" failed (2: No such file or directory)
2022/04/04 09:46:54 [emerg] 1#1: open() "/etc/nginx/logs/host.access.log" failed (2: No such file or directory)
2022/04/04 09:46:57 [emerg] 1#1: open() "/etc/nginx/logs/host.access.log" failed (2: No such file or directory)
2022/04/04 09:47:04 [emerg] 1#1: open() "/etc/nginx/logs/host.access.log" failed (2: No such file or directory)
2022/04/04 09:47:17 [emerg] 1#1: open() "/etc/nginx/logs/host.access.log" failed (2: No such file or directory)
2022/04/04 09:47:43 [emerg] 1#1: open() "/etc/nginx/logs/host.access.log" failed (2: No such file or directory)
2022/04/04 09:48:35 [emerg] 1#1: open() "/etc/nginx/logs/host.access.log" failed (2: No such file or directory)
2022/04/04 09:49:36 [emerg] 1#1: open() "/etc/nginx/logs/host.access.log" failed (2: No such file or directory)
2022/04/04 09:50:36 [emerg] 1#1: open() "/etc/nginx/logs/host.access.log" failed (2: No such file or directory)
2022/04/04 09:51:37 [emerg] 1#1: open() "/etc/nginx/logs/host.access.log" failed (2: No such file or directory)
2022/04/04 09:52:38 [emerg] 1#1: open() "/var/logs/nginx/host.access.log" failed (2: No such file or directory)
2022/04/04 09:53:39 [emerg] 1#1: open() "/var/logs/nginx/host.access.log" failed (2: No such file or directory)
2022/04/04 09:54:03 [emerg] 1#1: open() "/var/logs/nginx/host.access.log" failed (2: No such file or directory)
2022/04/04 09:54:03 [emerg] 1#1: open() "/var/logs/nginx/host.access.log" failed (2: No such file or directory)
2022/04/04 09:54:04 [emerg] 1#1: open() "/var/logs/nginx/host.access.log" failed (2: No such file or directory)
2022/04/04 09:54:05 [emerg] 1#1: open() "/var/logs/nginx/host.access.log" failed (2: No such file or directory)
2022/04/04 09:54:06 [emerg] 1#1: open() "/var/logs/nginx/host.access.log" failed (2: No such file or directory)
2022/04/04 09:54:08 [emerg] 1#1: open() "/var/logs/nginx/host.access.log" failed (2: No such file or directory)
2022/04/04 09:54:12 [emerg] 1#1: open() "/var/logs/nginx/host.access.log" failed (2: No such file or directory)
2022/04/04 09:54:19 [emerg] 1#1: open() "/var/logs/nginx/host.access.log" failed (2: No such file or directory)
2022/04/04 09:54:52 [emerg] 1#1: open() "/var/logs/nginx/host.access.log" failed (2: No such file or directory)
2022/04/04 09:54:53 [emerg] 1#1: open() "/var/logs/nginx/host.access.log" failed (2: No such file or directory)
2022/04/04 09:54:54 [emerg] 1#1: open() "/var/logs/nginx/host.access.log" failed (2: No such file or directory)
2022/04/04 09:54:55 [emerg] 1#1: open() "/var/logs/nginx/host.access.log" failed (2: No such file or directory)
2022/04/04 09:54:56 [emerg] 1#1: open() "/var/logs/nginx/host.access.log" failed (2: No such file or directory)
2022/04/04 09:54:58 [emerg] 1#1: open() "/var/logs/nginx/host.access.log" failed (2: No such file or directory)
2022/04/04 09:55:01 [emerg] 1#1: open() "/var/logs/nginx/host.access.log" failed (2: No such file or directory)
2022/04/04 09:55:08 [emerg] 1#1: open() "/var/logs/nginx/host.access.log" failed (2: No such file or directory)
2022/04/04 09:55:22 [emerg] 1#1: open() "/var/logs/nginx/host.access.log" failed (2: No such file or directory)
2022/04/04 09:55:48 [emerg] 1#1: open() "/var/logs/nginx/host.access.log" failed (2: No such file or directory)
2022/04/04 09:56:39 [emerg] 1#1: open() "/var/logs/nginx/host.access.log" failed (2: No such file or directory)
2022/04/04 09:57:13 [emerg] 1#1: open() "/var/logs/nginx/host.access.log" failed (2: No such file or directory)
2022/04/04 09:57:14 [emerg] 1#1: open() "/var/logs/nginx/host.access.log" failed (2: No such file or directory)
2022/04/04 09:57:15 [emerg] 1#1: open() "/var/logs/nginx/host.access.log" failed (2: No such file or directory)
2022/04/04 09:57:15 [emerg] 1#1: open() "/var/logs/nginx/host.access.log" failed (2: No such file or directory)
2022/04/04 09:57:17 [emerg] 1#1: open() "/var/logs/nginx/host.access.log" failed (2: No such file or directory)
2022/04/04 09:57:19 [emerg] 1#1: open() "/var/logs/nginx/host.access.log" failed (2: No such file or directory)
2022/04/04 09:57:23 [emerg] 1#1: open() "/var/logs/nginx/host.access.log" failed (2: No such file or directory)
2022/04/04 09:57:29 [emerg] 1#1: open() "/var/logs/nginx/host.access.log" failed (2: No such file or directory)
2022/04/04 09:57:43 [emerg] 1#1: open() "/var/logs/nginx/host.access.log" failed (2: No such file or directory)
2022/04/04 09:58:09 [emerg] 1#1: open() "/var/logs/nginx/host.access.log" failed (2: No such file or directory)
2022/04/04 09:59:00 [emerg] 1#1: open() "/var/logs/nginx/host.access.log" failed (2: No such file or directory)
2022/04/04 10:00:01 [emerg] 1#1: open() "/var/logs/nginx/host.access.log" failed (2: No such file or directory)
2022/04/04 10:01:01 [emerg] 1#1: open() "/var/logs/nginx/host.access.log" failed (2: No such file or directory)
2022/04/04 10:02:01 [emerg] 1#1: open() "/var/logs/nginx/host.access.log" failed (2: No such file or directory)
2022/04/04 10:03:02 [emerg] 1#1: open() "/var/logs/nginx/host.access.log" failed (2: No such file or directory)
2022/04/04 10:04:02 [emerg] 1#1: open() "/etc/nginx/./logs/host.access.log" failed (2: No such file or directory)
2022/04/04 10:04:06 [emerg] 1#1: open() "/etc/nginx/./logs/host.access.log" failed (2: No such file or directory)
2022/04/04 10:04:06 [emerg] 1#1: open() "/etc/nginx/./logs/host.access.log" failed (2: No such file or directory)
2022/04/04 10:04:07 [emerg] 1#1: open() "/etc/nginx/./logs/host.access.log" failed (2: No such file or directory)
2022/04/04 10:04:08 [emerg] 1#1: open() "/etc/nginx/./logs/host.access.log" failed (2: No such file or directory)
2022/04/04 10:04:09 [emerg] 1#1: open() "/etc/nginx/./logs/host.access.log" failed (2: No such file or directory)
2022/04/04 10:04:11 [emerg] 1#1: open() "/etc/nginx/./logs/host.access.log" failed (2: No such file or directory)
2022/04/04 10:04:15 [emerg] 1#1: open() "/etc/nginx/./logs/host.access.log" failed (2: No such file or directory)
2022/04/04 10:04:22 [emerg] 1#1: open() "/etc/nginx/./logs/host.access.log" failed (2: No such file or directory)
2022/04/04 10:04:35 [emerg] 1#1: open() "/etc/nginx/./logs/host.access.log" failed (2: No such file or directory)
2022/04/04 10:05:01 [emerg] 1#1: open() "/etc/nginx/./logs/host.access.log" failed (2: No such file or directory)
2022/04/04 10:05:53 [emerg] 1#1: open() "/etc/nginx/./logs/host.access.log" failed (2: No such file or directory)
2022/04/04 10:06:01 [emerg] 1#1: open() "/etc/nginx/./logs/host.access.log" failed (2: No such file or directory)
2022/04/04 10:06:02 [emerg] 1#1: open() "/etc/nginx/./logs/host.access.log" failed (2: No such file or directory)
2022/04/04 10:06:02 [emerg] 1#1: open() "/etc/nginx/./logs/host.access.log" failed (2: No such file or directory)
2022/04/04 10:06:03 [emerg] 1#1: open() "/etc/nginx/./logs/host.access.log" failed (2: No such file or directory)
2022/04/04 10:06:04 [emerg] 1#1: open() "/etc/nginx/./logs/host.access.log" failed (2: No such file or directory)
2022/04/04 10:06:06 [emerg] 1#1: open() "/etc/nginx/./logs/host.access.log" failed (2: No such file or directory)
2022/04/04 10:06:10 [emerg] 1#1: open() "/etc/nginx/./logs/host.access.log" failed (2: No such file or directory)
2022/04/04 10:06:17 [emerg] 1#1: open() "/etc/nginx/./logs/host.access.log" failed (2: No such file or directory)
